<?xml version="1.0" encoding="UTF-8" ?>
<testsuite failures="0" time="0.015" errors="0" skipped="0" tests="13" name="airbrake.AirbrakeNoticeTest">
  <properties>
[...]
</properties>
  <testcase time="0.001" classname="airbrake.AirbrakeNoticeTest" name="testLogErrorWithException"/>
  <testcase time="0" classname="airbrake.AirbrakeNoticeTest" name="testLogErrorWithoutException"/>
  <testcase time="0.001" classname="airbrake.AirbrakeNoticeTest" name="testLogThresholdLesserThatErrorWithExceptionDoNotNotifyToairbrake"/>
  <testcase time="0" classname="airbrake.AirbrakeNoticeTest" name="testLogThresholdLesserThatErrorWithoutExceptionDoNotNotifyToairbrake"/>
  <testcase time="0.003" classname="airbrake.AirbrakeNoticeTest" name="testNewairbrakeUsingBuilderNoticeFromException"/>
  <testcase time="0" classname="airbrake.AirbrakeNoticeTest" name="testNewairbrakeUsingBuilderNoticeWithBacktrace"/>
  <testcase time="0.001" classname="airbrake.AirbrakeNoticeTest" name="testNewairbrakeUsingBuilderNoticeWithEc2FilteredEnvironmentWithSystemProperties"/>
  <testcase time="0" classname="airbrake.AirbrakeNoticeTest" name="testNewairbrakeUsingBuilderNoticeWithEnvironment"/>
  <testcase time="0.001" classname="airbrake.AirbrakeNoticeTest" name="testNewairbrakeUsingBuilderNoticeWithErrorMessage"/>
  <testcase time="0" classname="airbrake.AirbrakeNoticeTest" name="testNewairbrakeUsingBuilderNoticeWithFilteredEnvironment"/>
  <testcase time="0" classname="airbrake.AirbrakeNoticeTest" name="testNewairbrakeUsingBuilderNoticeWithRequest"/>
  <testcase time="0.001" classname="airbrake.AirbrakeNoticeTest" name="testNewairbrakeUsingBuilderNoticeWithSession"/>
  <testcase time="0.001" classname="airbrake.AirbrakeNoticeTest" name="testNewairbrakeUsingBuilderNoticeWithStandardFilteredEnvironmentWithSystemProperties"/>
</testsuite>